<?xml version="1.0" encoding="UTF-8"?>
<!-- Generated by org.testng.reporters.JUnitReportReporter -->
<testsuite hostname="DESKTOP-8DA5J96" failures="0" tests="4" name="stepdefinition.cucumber3" time="112.949" errors="0" timestamp="2022-06-23T19:02:10 IST" skipped="0">
  <testcase classname="stepdefinition.cucumber3" name="runScenario" time="25.674"/>
  <system-out/>
  <testcase classname="stepdefinition.cucumber3" name="runScenario" time="32.987"/>
  <system-out/>
  <testcase classname="stepdefinition.cucumber3" name="runScenario" time="25.068"/>
  <system-out/>
  <testcase classname="stepdefinition.cucumber3" name="runScenario" time="29.220"/>
  <system-out/>
</testsuite> <!-- stepdefinition.cucumber3 -->
