<?xml version="1.0" encoding="UTF-8"?>
<!-- Generated by org.testng.reporters.JUnitReportReporter -->
<testsuite hostname="DESKTOP-8DA5J96" failures="0" tests="4" name="stepdefinition.cucumber3" time="79.585" errors="0" timestamp="2022-06-23T19:08:33 IST" skipped="0">
  <testcase classname="stepdefinition.cucumber3" name="runScenario" time="25.099"/>
  <system-out/>
  <testcase classname="stepdefinition.cucumber3" name="runScenario" time="11.518"/>
  <system-out/>
  <testcase classname="stepdefinition.cucumber3" name="runScenario" time="21.277"/>
  <system-out/>
  <testcase classname="stepdefinition.cucumber3" name="runScenario" time="21.691"/>
  <system-out/>
</testsuite> <!-- stepdefinition.cucumber3 -->
